========================================
Processing configs/dolma2-resharding/all-dressed/vigintiles/geometric.json
Found 4027.5B tokens in 24 topics
Desired size: 4202.6B tokens

---

Topic          : adult_content
Natural tokens : 38.1B

Vigintile     : vigintile_0014
Natural tokens : 5.6B
Desired tokens : 1.2B
Sampling rate  : 0.21x

Vigintile     : vigintile_0015
Natural tokens : 6.6B
Desired tokens : 2.0B
Sampling rate  : 0.30x

Vigintile     : vigintile_0016
Natural tokens : 8.2B
Desired tokens : 2.5B
Sampling rate  : 0.30x

Vigintile     : vigintile_0017
Natural tokens : 9.5B
Desired tokens : 3.7B
Sampling rate  : 0.39x

Vigintile     : vigintile_0018
Natural tokens : 7.8B
Desired tokens : 6.1B
Sampling rate  : 0.78x

Vigintile     : vigintile_0020
Natural tokens : 0.4B
Desired tokens : 0.6B
Sampling rate  : 1.30x

Desired topic size : 16.0B
Ratio of web       : 0.4%
Final size         : 15.9B
Off by             : -0.36%

---

Topic          : crime_and_law
Natural tokens : 110.3B

Vigintile     : vigintile_0013
Natural tokens : 12.7B
Desired tokens : 7.7B
Sampling rate  : 0.60x

Vigintile     : vigintile_0014
Natural tokens : 13.7B
Desired tokens : 12.2B
Sampling rate  : 0.89x

Vigintile     : vigintile_0015
Natural tokens : 15.0B
Desired tokens : 13.3B
Sampling rate  : 0.89x

Vigintile     : vigintile_0016
Natural tokens : 16.5B
Desired tokens : 14.7B
Sampling rate  : 0.89x

Vigintile     : vigintile_0017
Natural tokens : 17.9B
Desired tokens : 15.9B
Sampling rate  : 0.89x

Vigintile     : vigintile_0018
Natural tokens : 19.0B
Desired tokens : 29.2B
Sampling rate  : 1.54x

Vigintile     : vigintile_0020
Natural tokens : 15.5B
Desired tokens : 43.3B
Sampling rate  : 2.79x

Desired topic size : 136.4B
Ratio of web       : 3.2%
Final size         : 136.3B
Off by             : -0.07%

---

Topic          : art_and_design
Natural tokens : 83.6B

Vigintile     : vigintile_0013
Natural tokens : 9.3B
Desired tokens : 1.3B
Sampling rate  : 0.14x

Vigintile     : vigintile_0014
Natural tokens : 10.5B
Desired tokens : 7.0B
Sampling rate  : 0.67x

Vigintile     : vigintile_0015
Natural tokens : 11.4B
Desired tokens : 7.7B
Sampling rate  : 0.67x

Vigintile     : vigintile_0016
Natural tokens : 12.6B
Desired tokens : 8.4B
Sampling rate  : 0.67x

Vigintile     : vigintile_0017
Natural tokens : 13.7B
Desired tokens : 9.1B
Sampling rate  : 0.67x

Vigintile     : vigintile_0018
Natural tokens : 14.9B
Desired tokens : 16.8B
Sampling rate  : 1.13x

Vigintile     : vigintile_0020
Natural tokens : 11.2B
Desired tokens : 23.3B
Sampling rate  : 2.08x

Desired topic size : 73.7B
Ratio of web       : 1.8%
Final size         : 73.7B
Off by             : 0.05%

---

Topic          : education_and_jobs
Natural tokens : 178.8B

Vigintile     : vigintile_0013
Natural tokens : 21.8B
Desired tokens : 16.5B
Sampling rate  : 0.76x

Vigintile     : vigintile_0014
Natural tokens : 23.7B
Desired tokens : 20.0B
Sampling rate  : 0.85x

Vigintile     : vigintile_0015
Natural tokens : 25.9B
Desired tokens : 21.9B
Sampling rate  : 0.85x

Vigintile     : vigintile_0016
Natural tokens : 27.4B
Desired tokens : 23.1B
Sampling rate  : 0.84x

Vigintile     : vigintile_0017
Natural tokens : 28.1B
Desired tokens : 27.9B
Sampling rate  : 1.00x

Vigintile     : vigintile_0018
Natural tokens : 28.6B
Desired tokens : 42.2B
Sampling rate  : 1.48x

Vigintile     : vigintile_0020
Natural tokens : 23.4B
Desired tokens : 64.7B
Sampling rate  : 2.76x

Desired topic size : 216.3B
Ratio of web       : 5.1%
Final size         : 216.2B
Off by             : -0.03%

---

Topic          : electronics_and_hardware
Natural tokens : 94.8B

Vigintile     : vigintile_0013
Natural tokens : 11.0B
Desired tokens : 9.1B
Sampling rate  : 0.82x

Vigintile     : vigintile_0014
Natural tokens : 12.2B
Desired tokens : 12.7B
Sampling rate  : 1.04x

Vigintile     : vigintile_0015
Natural tokens : 13.4B
Desired tokens : 14.0B
Sampling rate  : 1.04x

Vigintile     : vigintile_0016
Natural tokens : 14.8B
Desired tokens : 15.4B
Sampling rate  : 1.04x

Vigintile     : vigintile_0017
Natural tokens : 15.4B
Desired tokens : 17.8B
Sampling rate  : 1.16x

Vigintile     : vigintile_0018
Natural tokens : 15.4B
Desired tokens : 28.0B
Sampling rate  : 1.82x

Vigintile     : vigintile_0020
Natural tokens : 12.6B
Desired tokens : 42.3B
Sampling rate  : 3.34x

Desired topic size : 139.2B
Ratio of web       : 3.3%
Final size         : 139.3B
Off by             : 0.01%

---

Topic          : entertainment
Natural tokens : 276.9B

Vigintile     : vigintile_0014
Natural tokens : 37.5B
Desired tokens : 33.9B
Sampling rate  : 0.90x

Vigintile     : vigintile_0015
Natural tokens : 41.7B
Desired tokens : 42.3B
Sampling rate  : 1.01x

Vigintile     : vigintile_0016
Natural tokens : 46.2B
Desired tokens : 47.0B
Sampling rate  : 1.02x

Vigintile     : vigintile_0017
Natural tokens : 49.8B
Desired tokens : 50.8B
Sampling rate  : 1.02x

Vigintile     : vigintile_0018
Natural tokens : 53.1B
Desired tokens : 85.9B
Sampling rate  : 1.62x

Vigintile     : vigintile_0020
Natural tokens : 48.7B
Desired tokens : 145.5B
Sampling rate  : 2.99x

Desired topic size : 405.3B
Ratio of web       : 9.6%
Final size         : 405.9B
Off by             : 0.16%

---

Topic          : fashion_and_beauty
Natural tokens : 114.2B

Vigintile     : vigintile_0013
Natural tokens : 12.2B
Desired tokens : 0.1B
Sampling rate  : 0.01x

Vigintile     : vigintile_0014
Natural tokens : 13.5B
Desired tokens : 0.8B
Sampling rate  : 0.06x

Vigintile     : vigintile_0015
Natural tokens : 15.3B
Desired tokens : 0.9B
Sampling rate  : 0.06x

Vigintile     : vigintile_0016
Natural tokens : 17.8B
Desired tokens : 1.0B
Sampling rate  : 0.06x

Vigintile     : vigintile_0017
Natural tokens : 20.8B
Desired tokens : 1.2B
Sampling rate  : 0.06x

Vigintile     : vigintile_0018
Natural tokens : 19.2B
Desired tokens : 1.9B
Sampling rate  : 0.10x

Vigintile     : vigintile_0020
Natural tokens : 15.4B
Desired tokens : 2.8B
Sampling rate  : 0.18x

Desired topic size : 8.7B
Ratio of web       : 0.2%
Final size         : 8.7B
Off by             : -0.22%

---

Topic          : finance_and_business
Natural tokens : 377.4B

Vigintile     : vigintile_0013
Natural tokens : 51.3B
Desired tokens : 28.1B
Sampling rate  : 0.55x

Vigintile     : vigintile_0014
Natural tokens : 53.4B
Desired tokens : 30.4B
Sampling rate  : 0.57x

Vigintile     : vigintile_0015
Natural tokens : 56.5B
Desired tokens : 32.1B
Sampling rate  : 0.57x

Vigintile     : vigintile_0016
Natural tokens : 58.1B
Desired tokens : 33.0B
Sampling rate  : 0.57x

Vigintile     : vigintile_0017
Natural tokens : 57.1B
Desired tokens : 43.3B
Sampling rate  : 0.76x

Vigintile     : vigintile_0018
Natural tokens : 54.2B
Desired tokens : 53.7B
Sampling rate  : 0.99x

Vigintile     : vigintile_0020
Natural tokens : 46.7B
Desired tokens : 88.5B
Sampling rate  : 1.89x

Desired topic size : 309.0B
Ratio of web       : 7.4%
Final size         : 309.0B
Off by             : 0.01%

---

Topic          : food_and_dining
Natural tokens : 121.3B

Vigintile     : vigintile_0013
Natural tokens : 15.1B
Desired tokens : 8.1B
Sampling rate  : 0.53x

Vigintile     : vigintile_0014
Natural tokens : 16.6B
Desired tokens : 9.8B
Sampling rate  : 0.59x

Vigintile     : vigintile_0015
Natural tokens : 18.2B
Desired tokens : 10.8B
Sampling rate  : 0.59x

Vigintile     : vigintile_0016
Natural tokens : 19.2B
Desired tokens : 11.4B
Sampling rate  : 0.59x

Vigintile     : vigintile_0017
Natural tokens : 19.5B
Desired tokens : 14.9B
Sampling rate  : 0.76x

Vigintile     : vigintile_0018
Natural tokens : 17.9B
Desired tokens : 18.4B
Sampling rate  : 1.02x

Vigintile     : vigintile_0020
Natural tokens : 14.6B
Desired tokens : 28.9B
Sampling rate  : 1.98x

Desired topic size : 102.2B
Ratio of web       : 2.4%
Final size         : 102.3B
Off by             : 0.14%

---

Topic          : games
Natural tokens : 161.7B

Vigintile     : vigintile_0013
Natural tokens : 19.4B
Desired tokens : 7.5B
Sampling rate  : 0.38x

Vigintile     : vigintile_0014
Natural tokens : 20.7B
Desired tokens : 23.5B
Sampling rate  : 1.13x

Vigintile     : vigintile_0015
Natural tokens : 22.0B
Desired tokens : 24.8B
Sampling rate  : 1.13x

Vigintile     : vigintile_0016
Natural tokens : 23.2B
Desired tokens : 26.2B
Sampling rate  : 1.13x

Vigintile     : vigintile_0017
Natural tokens : 25.0B
Desired tokens : 28.2B
Sampling rate  : 1.13x

Vigintile     : vigintile_0018
Natural tokens : 27.3B
Desired tokens : 51.2B
Sampling rate  : 1.88x

Vigintile     : vigintile_0020
Natural tokens : 24.1B
Desired tokens : 82.1B
Sampling rate  : 3.41x

Desired topic size : 243.5B
Ratio of web       : 5.8%
Final size         : 243.6B
Off by             : 0.08%

---

Topic          : health
Natural tokens : 310.3B

Vigintile     : vigintile_0013
Natural tokens : 38.2B
Desired tokens : 24.8B
Sampling rate  : 0.65x

Vigintile     : vigintile_0014
Natural tokens : 41.8B
Desired tokens : 41.0B
Sampling rate  : 0.98x

Vigintile     : vigintile_0015
Natural tokens : 44.4B
Desired tokens : 43.4B
Sampling rate  : 0.98x

Vigintile     : vigintile_0016
Natural tokens : 47.5B
Desired tokens : 46.6B
Sampling rate  : 0.98x

Vigintile     : vigintile_0017
Natural tokens : 50.1B
Desired tokens : 55.5B
Sampling rate  : 1.11x

Vigintile     : vigintile_0018
Natural tokens : 50.7B
Desired tokens : 86.7B
Sampling rate  : 1.71x

Vigintile     : vigintile_0020
Natural tokens : 37.7B
Desired tokens : 121.1B
Sampling rate  : 3.21x

Desired topic size : 419.0B
Ratio of web       : 10.0%
Final size         : 419.4B
Off by             : 0.10%

---

Topic          : history_and_geography
Natural tokens : 91.1B

Vigintile     : vigintile_0014
Natural tokens : 12.2B
Desired tokens : 3.7B
Sampling rate  : 0.30x

Vigintile     : vigintile_0015
Natural tokens : 13.9B
Desired tokens : 13.2B
Sampling rate  : 0.95x

Vigintile     : vigintile_0016
Natural tokens : 15.8B
Desired tokens : 15.0B
Sampling rate  : 0.95x

Vigintile     : vigintile_0017
Natural tokens : 18.1B
Desired tokens : 17.1B
Sampling rate  : 0.95x

Vigintile     : vigintile_0018
Natural tokens : 18.7B
Desired tokens : 28.1B
Sampling rate  : 1.50x

Vigintile     : vigintile_0020
Natural tokens : 12.3B
Desired tokens : 36.0B
Sampling rate  : 2.93x

Desired topic size : 113.1B
Ratio of web       : 2.7%
Final size         : 112.7B
Off by             : -0.33%

---

Topic          : home_and_hobbies
Natural tokens : 302.6B

Vigintile     : vigintile_0013
Natural tokens : 32.6B
Desired tokens : 3.8B
Sampling rate  : 0.12x

Vigintile     : vigintile_0014
Natural tokens : 36.4B
Desired tokens : 11.0B
Sampling rate  : 0.30x

Vigintile     : vigintile_0015
Natural tokens : 41.0B
Desired tokens : 12.4B
Sampling rate  : 0.30x

Vigintile     : vigintile_0016
Natural tokens : 47.2B
Desired tokens : 14.3B
Sampling rate  : 0.30x

Vigintile     : vigintile_0017
Natural tokens : 52.7B
Desired tokens : 16.0B
Sampling rate  : 0.30x

Vigintile     : vigintile_0018
Natural tokens : 51.1B
Desired tokens : 26.5B
Sampling rate  : 0.52x

Vigintile     : vigintile_0020
Natural tokens : 41.6B
Desired tokens : 39.2B
Sampling rate  : 0.94x

Desired topic size : 123.1B
Ratio of web       : 2.9%
Final size         : 122.7B
Off by             : -0.36%

---

Topic          : industrial
Natural tokens : 63.6B

Vigintile     : vigintile_0012
Natural tokens : 6.6B
Desired tokens : 2.2B
Sampling rate  : 0.34x

Vigintile     : vigintile_0013
Natural tokens : 7.0B
Desired tokens : 6.0B
Sampling rate  : 0.86x

Vigintile     : vigintile_0014
Natural tokens : 7.5B
Desired tokens : 6.4B
Sampling rate  : 0.86x

Vigintile     : vigintile_0015
Natural tokens : 8.0B
Desired tokens : 6.9B
Sampling rate  : 0.86x

Vigintile     : vigintile_0016
Natural tokens : 8.7B
Desired tokens : 7.4B
Sampling rate  : 0.86x

Vigintile     : vigintile_0017
Natural tokens : 9.1B
Desired tokens : 9.7B
Sampling rate  : 1.07x

Vigintile     : vigintile_0018
Natural tokens : 8.9B
Desired tokens : 13.5B
Sampling rate  : 1.51x

Vigintile     : vigintile_0020
Natural tokens : 7.8B
Desired tokens : 21.8B
Sampling rate  : 2.79x

Desired topic size : 73.9B
Ratio of web       : 1.8%
Final size         : 74.2B
Off by             : 0.31%

---

Topic          : literature
Natural tokens : 159.5B

Vigintile     : vigintile_0015
Natural tokens : 24.3B
Desired tokens : 23.0B
Sampling rate  : 0.95x

Vigintile     : vigintile_0016
Natural tokens : 28.0B
Desired tokens : 31.7B
Sampling rate  : 1.13x

Vigintile     : vigintile_0017
Natural tokens : 34.6B
Desired tokens : 39.2B
Sampling rate  : 1.13x

Vigintile     : vigintile_0018
Natural tokens : 41.8B
Desired tokens : 66.0B
Sampling rate  : 1.58x

Vigintile     : vigintile_0020
Natural tokens : 30.9B
Desired tokens : 99.0B
Sampling rate  : 3.21x

Desired topic size : 258.8B
Ratio of web       : 6.2%
Final size         : 258.9B
Off by             : 0.04%

---

Topic          : politics
Natural tokens : 320.8B

Vigintile     : vigintile_0013
Natural tokens : 39.4B
Desired tokens : 12.8B
Sampling rate  : 0.32x

Vigintile     : vigintile_0014
Natural tokens : 43.1B
Desired tokens : 19.4B
Sampling rate  : 0.45x

Vigintile     : vigintile_0015
Natural tokens : 46.2B
Desired tokens : 20.8B
Sampling rate  : 0.45x

Vigintile     : vigintile_0016
Natural tokens : 48.5B
Desired tokens : 21.8B
Sampling rate  : 0.45x

Vigintile     : vigintile_0017
Natural tokens : 51.2B
Desired tokens : 26.1B
Sampling rate  : 0.51x

Vigintile     : vigintile_0018
Natural tokens : 51.1B
Desired tokens : 40.1B
Sampling rate  : 0.78x

Vigintile     : vigintile_0020
Natural tokens : 41.3B
Desired tokens : 59.8B
Sampling rate  : 1.45x

Desired topic size : 200.8B
Ratio of web       : 4.8%
Final size         : 200.9B
Off by             : 0.08%

---

Topic          : religion
Natural tokens : 145.6B

Vigintile     : vigintile_0014
Natural tokens : 20.5B
Desired tokens : 9.2B
Sampling rate  : 0.45x

Vigintile     : vigintile_0015
Natural tokens : 22.8B
Desired tokens : 14.5B
Sampling rate  : 0.64x

Vigintile     : vigintile_0016
Natural tokens : 25.1B
Desired tokens : 16.0B
Sampling rate  : 0.64x

Vigintile     : vigintile_0017
Natural tokens : 27.5B
Desired tokens : 17.6B
Sampling rate  : 0.64x

Vigintile     : vigintile_0018
Natural tokens : 29.0B
Desired tokens : 30.2B
Sampling rate  : 1.04x

Vigintile     : vigintile_0020
Natural tokens : 20.6B
Desired tokens : 41.2B
Sampling rate  : 1.99x

Desired topic size : 128.6B
Ratio of web       : 3.1%
Final size         : 128.5B
Off by             : -0.01%

---

Topic          : science_math_and_technology
Natural tokens : 212.0B

Vigintile     : vigintile_0014
Natural tokens : 29.7B
Desired tokens : 42.4B
Sampling rate  : 1.43x

Vigintile     : vigintile_0015
Natural tokens : 33.4B
Desired tokens : 57.4B
Sampling rate  : 1.72x

Vigintile     : vigintile_0016
Natural tokens : 37.7B
Desired tokens : 65.1B
Sampling rate  : 1.72x

Vigintile     : vigintile_0017
Natural tokens : 42.5B
Desired tokens : 72.9B
Sampling rate  : 1.72x

Vigintile     : vigintile_0018
Natural tokens : 41.9B
Desired tokens : 123.7B
Sampling rate  : 2.95x

Vigintile     : vigintile_0020
Natural tokens : 26.8B
Desired tokens : 151.3B
Sampling rate  : 5.64x

Desired topic size : 512.8B
Ratio of web       : 12.2%
Final size         : 513.2B
Off by             : 0.09%

---

Topic          : social_life
Natural tokens : 172.6B

Vigintile     : vigintile_0013
Natural tokens : 19.1B
Desired tokens : 0.7B
Sampling rate  : 0.04x

Vigintile     : vigintile_0014
Natural tokens : 21.2B
Desired tokens : 6.0B
Sampling rate  : 0.28x

Vigintile     : vigintile_0015
Natural tokens : 23.5B
Desired tokens : 6.6B
Sampling rate  : 0.28x

Vigintile     : vigintile_0016
Natural tokens : 26.6B
Desired tokens : 7.5B
Sampling rate  : 0.28x

Vigintile     : vigintile_0017
Natural tokens : 28.9B
Desired tokens : 8.2B
Sampling rate  : 0.28x

Vigintile     : vigintile_0018
Natural tokens : 29.2B
Desired tokens : 14.0B
Sampling rate  : 0.48x

Vigintile     : vigintile_0020
Natural tokens : 24.2B
Desired tokens : 21.1B
Sampling rate  : 0.87x

Desired topic size : 64.2B
Ratio of web       : 1.5%
Final size         : 64.1B
Off by             : -0.22%

---

Topic          : software
Natural tokens : 102.2B

Vigintile     : vigintile_0013
Natural tokens : 12.9B
Desired tokens : 10.4B
Sampling rate  : 0.80x

Vigintile     : vigintile_0014
Natural tokens : 14.6B
Desired tokens : 17.2B
Sampling rate  : 1.18x

Vigintile     : vigintile_0015
Natural tokens : 15.3B
Desired tokens : 18.0B
Sampling rate  : 1.18x

Vigintile     : vigintile_0016
Natural tokens : 15.9B
Desired tokens : 18.8B
Sampling rate  : 1.18x

Vigintile     : vigintile_0017
Natural tokens : 16.0B
Desired tokens : 23.0B
Sampling rate  : 1.44x

Vigintile     : vigintile_0018
Natural tokens : 15.5B
Desired tokens : 31.7B
Sampling rate  : 2.05x

Vigintile     : vigintile_0020
Natural tokens : 11.9B
Desired tokens : 46.8B
Sampling rate  : 3.92x

Desired topic size : 165.9B
Ratio of web       : 3.9%
Final size         : 165.6B
Off by             : -0.16%

---

Topic          : software_development
Natural tokens : 90.6B

Vigintile     : vigintile_0013
Natural tokens : 11.0B
Desired tokens : 9.6B
Sampling rate  : 0.87x

Vigintile     : vigintile_0014
Natural tokens : 11.8B
Desired tokens : 22.6B
Sampling rate  : 1.91x

Vigintile     : vigintile_0015
Natural tokens : 12.8B
Desired tokens : 24.5B
Sampling rate  : 1.91x

Vigintile     : vigintile_0016
Natural tokens : 13.8B
Desired tokens : 26.6B
Sampling rate  : 1.92x

Vigintile     : vigintile_0017
Natural tokens : 14.9B
Desired tokens : 29.7B
Sampling rate  : 1.99x

Vigintile     : vigintile_0018
Natural tokens : 15.1B
Desired tokens : 50.3B
Sampling rate  : 3.33x

Vigintile     : vigintile_0020
Natural tokens : 11.2B
Desired tokens : 69.6B
Sampling rate  : 6.21x

Desired topic size : 232.9B
Ratio of web       : 5.5%
Final size         : 233.0B
Off by             : 0.05%

---

Topic          : sports_and_fitness
Natural tokens : 246.2B

Vigintile     : vigintile_0013
Natural tokens : 31.7B
Desired tokens : 11.5B
Sampling rate  : 0.36x

Vigintile     : vigintile_0014
Natural tokens : 33.9B
Desired tokens : 13.5B
Sampling rate  : 0.40x

Vigintile     : vigintile_0015
Natural tokens : 36.0B
Desired tokens : 14.3B
Sampling rate  : 0.40x

Vigintile     : vigintile_0016
Natural tokens : 37.6B
Desired tokens : 15.0B
Sampling rate  : 0.40x

Vigintile     : vigintile_0017
Natural tokens : 38.3B
Desired tokens : 19.0B
Sampling rate  : 0.50x

Vigintile     : vigintile_0018
Natural tokens : 37.5B
Desired tokens : 26.1B
Sampling rate  : 0.70x

Vigintile     : vigintile_0020
Natural tokens : 31.2B
Desired tokens : 40.9B
Sampling rate  : 1.31x

Desired topic size : 140.4B
Ratio of web       : 3.3%
Final size         : 140.9B
Off by             : 0.36%

---

Topic          : transportation
Natural tokens : 95.8B

Vigintile     : vigintile_0013
Natural tokens : 11.3B
Desired tokens : 5.5B
Sampling rate  : 0.48x

Vigintile     : vigintile_0014
Natural tokens : 12.2B
Desired tokens : 6.8B
Sampling rate  : 0.55x

Vigintile     : vigintile_0015
Natural tokens : 13.4B
Desired tokens : 7.4B
Sampling rate  : 0.55x

Vigintile     : vigintile_0016
Natural tokens : 14.5B
Desired tokens : 8.0B
Sampling rate  : 0.55x

Vigintile     : vigintile_0017
Natural tokens : 15.4B
Desired tokens : 9.4B
Sampling rate  : 0.61x

Vigintile     : vigintile_0018
Natural tokens : 15.6B
Desired tokens : 15.1B
Sampling rate  : 0.97x

Vigintile     : vigintile_0020
Natural tokens : 13.4B
Desired tokens : 23.5B
Sampling rate  : 1.76x

Desired topic size : 75.6B
Ratio of web       : 1.8%
Final size         : 75.9B
Off by             : 0.51%

---

Topic          : travel_and_tourism
Natural tokens : 157.3B

Vigintile     : vigintile_0012
Natural tokens : 15.6B
Desired tokens : 1.0B
Sampling rate  : 0.07x

Vigintile     : vigintile_0013
Natural tokens : 16.7B
Desired tokens : 3.4B
Sampling rate  : 0.20x

Vigintile     : vigintile_0014
Natural tokens : 18.0B
Desired tokens : 3.7B
Sampling rate  : 0.20x

Vigintile     : vigintile_0015
Natural tokens : 20.1B
Desired tokens : 4.1B
Sampling rate  : 0.20x

Vigintile     : vigintile_0016
Natural tokens : 21.5B
Desired tokens : 4.4B
Sampling rate  : 0.20x

Vigintile     : vigintile_0017
Natural tokens : 23.5B
Desired tokens : 5.8B
Sampling rate  : 0.25x

Vigintile     : vigintile_0018
Natural tokens : 23.4B
Desired tokens : 8.3B
Sampling rate  : 0.36x

Vigintile     : vigintile_0020
Natural tokens : 18.6B
Desired tokens : 12.5B
Sampling rate  : 0.67x

Desired topic size : 43.2B
Ratio of web       : 1.0%
Final size         : 43.6B
Off by             : 0.74%

---

