Found 905.3B tokens in 24 FoS
Desired s2pdf size: 750.6B tokens


Subset         : adult
Natural tokens : 0.3B
Desired tokens : 0.1B
Sampling rate  : 0.28x


Subset         : art_design
Natural tokens : 6.2B
Desired tokens : 0.7B
Sampling rate  : 0.11x


Subset         : crime_law
Natural tokens : 39.3B
Desired tokens : 11.5B
Sampling rate  : 0.29x


Subset         : education_jobs
Natural tokens : 127.4B
Desired tokens : 39.0B
Sampling rate  : 0.31x


Subset         : entertainment
Natural tokens : 5.6B
Desired tokens : 4.0B
Sampling rate  : 0.73x


Subset         : fashion_beauty
Natural tokens : 0.5B
Desired tokens : 1.6B
Sampling rate  : 3.21x


Subset         : finance_business
Natural tokens : 56.2B
Desired tokens : 0.0B
Sampling rate  : 0.00x


Skipping finance_business because desired size is 0
Subset         : food_dining
Natural tokens : 2.1B
Desired tokens : 10.3B
Sampling rate  : 4.85x


Subset         : games
Natural tokens : 2.3B
Desired tokens : 0.0B
Sampling rate  : 0.02x


Subset         : hardware
Natural tokens : 6.8B
Desired tokens : 0.2B
Sampling rate  : 0.03x


Subset         : health
Natural tokens : 90.9B
Desired tokens : 88.9B
Sampling rate  : 0.98x


Subset         : history
Natural tokens : 23.7B
Desired tokens : 3.7B
Sampling rate  : 0.16x


Subset         : home_hobbies
Natural tokens : 3.6B
Desired tokens : 0.6B
Sampling rate  : 0.17x


Subset         : industrial
Natural tokens : 27.3B
Desired tokens : 39.9B
Sampling rate  : 1.47x


Subset         : literature
Natural tokens : 28.1B
Desired tokens : 6.8B
Sampling rate  : 0.24x


Subset         : politics
Natural tokens : 36.0B
Desired tokens : 13.7B
Sampling rate  : 0.38x


Subset         : religion
Natural tokens : 22.7B
Desired tokens : 3.8B
Sampling rate  : 0.17x


Subset         : science_tech
Natural tokens : 354.9B
Desired tokens : 447.1B
Sampling rate  : 1.26x


Subset         : social_life
Natural tokens : 2.9B
Desired tokens : 0.2B
Sampling rate  : 0.06x


Subset         : software
Natural tokens : 8.5B
Desired tokens : 9.1B
Sampling rate  : 1.07x


Subset         : software_dev
Natural tokens : 37.4B
Desired tokens : 64.9B
Sampling rate  : 1.74x


Subset         : sports_fitness
Natural tokens : 5.0B
Desired tokens : 2.7B
Sampling rate  : 0.54x


Subset         : transportation
Natural tokens : 15.8B
Desired tokens : 1.7B
Sampling rate  : 0.11x


Subset         : travel
Natural tokens : 1.9B
Desired tokens : 0.1B
Sampling rate  : 0.04x




Total size computed: 750.6B
