Found 752.2B tokens in 24 FoS
Desired s2pdf size: 750.6B tokens


Language       : adult_content
Natural tokens : 0.3B
Desired tokens : 0.1B
Sampling rate  : 0.27x


Language       : art_and_design
Natural tokens : 6.2B
Desired tokens : 0.7B
Sampling rate  : 0.11x


Language       : crime_and_law
Natural tokens : 38.7B
Desired tokens : 11.5B
Sampling rate  : 0.30x


Language       : education_and_jobs
Natural tokens : 124.5B
Desired tokens : 39.0B
Sampling rate  : 0.31x


Language       : electronics_and_hardware
Natural tokens : 6.5B
Desired tokens : 4.0B
Sampling rate  : 0.62x


Language       : entertainment
Natural tokens : 5.5B
Desired tokens : 1.6B
Sampling rate  : 0.30x


Language       : fashion_and_beauty
Natural tokens : 0.5B
Desired tokens : 0.0B
Sampling rate  : 0.00x


Language       : finance_and_business
Natural tokens : 55.1B
Desired tokens : 10.3B
Sampling rate  : 0.19x


Language       : food_and_dining
Natural tokens : 2.1B
Desired tokens : 0.0B
Sampling rate  : 0.02x


Language       : games
Natural tokens : 2.2B
Desired tokens : 0.2B
Sampling rate  : 0.08x


Language       : health
Natural tokens : 98.0B
Desired tokens : 88.9B
Sampling rate  : 0.91x


Language       : history_and_geography
Natural tokens : 23.8B
Desired tokens : 3.7B
Sampling rate  : 0.16x


Language       : home_and_hobbies
Natural tokens : 3.5B
Desired tokens : 0.6B
Sampling rate  : 0.17x


Language       : industrial
Natural tokens : 26.3B
Desired tokens : 39.9B
Sampling rate  : 1.52x


Language       : literature
Natural tokens : 29.2B
Desired tokens : 6.8B
Sampling rate  : 0.23x


Language       : politics
Natural tokens : 35.8B
Desired tokens : 13.7B
Sampling rate  : 0.38x


Language       : religion
Natural tokens : 22.6B
Desired tokens : 3.8B
Sampling rate  : 0.17x


Language       : science_math_and_technology
Natural tokens : 200.4B
Desired tokens : 447.1B
Sampling rate  : 2.23x


Language       : social_life
Natural tokens : 2.9B
Desired tokens : 0.2B
Sampling rate  : 0.06x


Language       : software
Natural tokens : 8.2B
Desired tokens : 9.1B
Sampling rate  : 1.10x


Language       : software_development
Natural tokens : 37.5B
Desired tokens : 64.9B
Sampling rate  : 1.73x


Language       : sports_and_fitness
Natural tokens : 4.9B
Desired tokens : 2.7B
Sampling rate  : 0.55x


Language       : transportation
Natural tokens : 15.4B
Desired tokens : 1.7B
Sampling rate  : 0.11x


Language       : travel_and_tourism
Natural tokens : 1.9B
Desired tokens : 0.1B
Sampling rate  : 0.04x




Total size computed: 750.6B
