Found 127.5B tokens in 15 languages
Desired code size: 380.9B tokens


Language       : C
Natural tokens : 4.4B
Desired tokens : 15.4B
Sampling rate  : 3.50x
Final size     : 15.2B
Off by         : -1.58%


Language       : Cpp
Natural tokens : 11.7B
Desired tokens : 45.7B
Sampling rate  : 3.91x
Final size     : 45.8B
Off by         : 0.16%


Language       : CSharp
Natural tokens : 6.7B
Desired tokens : 23.4B
Sampling rate  : 3.49x
Final size     : 23.3B
Off by         : -0.66%


Language       : Go
Natural tokens : 1.3B
Desired tokens : 5.0B
Sampling rate  : 3.84x
Final size     : 5.0B
Off by         : 0.68%


Language       : Java
Natural tokens : 29.2B
Desired tokens : 60.8B
Sampling rate  : 2.08x
Final size     : 60.7B
Off by         : -0.18%


Language       : JavaScript
Natural tokens : 8.3B
Desired tokens : 33.2B
Sampling rate  : 4.01x
Final size     : 33.2B
Off by         : 0.08%


Language       : Markdown
Natural tokens : 26.9B
Desired tokens : 63.4B
Sampling rate  : 2.35x
Final size     : 63.5B
Off by         : 0.22%


Language       : PHP
Natural tokens : 6.9B
Desired tokens : 23.1B
Sampling rate  : 3.36x
Final size     : 23.1B
Off by         : -0.14%


Language       : Python
Natural tokens : 16.8B
Desired tokens : 69.7B
Sampling rate  : 4.15x
Final size     : 69.8B
Off by         : 0.11%


Language       : Ruby
Natural tokens : 1.3B
Desired tokens : 5.0B
Sampling rate  : 3.88x
Final size     : 5.0B
Off by         : -0.73%


Language       : Rust
Natural tokens : 1.3B
Desired tokens : 5.3B
Sampling rate  : 4.04x
Final size     : 5.3B
Off by         : -0.42%


Language       : Shell
Natural tokens : 2.4B
Desired tokens : 9.7B
Sampling rate  : 4.11x
Final size     : 9.8B
Off by         : 0.60%


Language       : SQL
Natural tokens : 6.6B
Desired tokens : 6.9B
Sampling rate  : 1.06x
Final size     : 7.1B
Off by         : 1.61%


Language       : Swift
Natural tokens : 1.4B
Desired tokens : 5.4B
Sampling rate  : 3.84x
Final size     : 5.3B
Off by         : -0.98%


Language       : TypeScript
Natural tokens : 2.3B
Desired tokens : 8.7B
Sampling rate  : 3.76x
Final size     : 8.7B
Off by         : -0.15%


